<?xml version="1.0" encoding="UTF-8"?>
<!-- Generated by org.testng.reporters.JUnitReportReporter -->
<testsuite hostname="NBSP05813W-TP" name="TestNG.Demo3" tests="1" failures="0" timestamp="12 Apr 2021 17:08:34 GMT" time="0.002" errors="0">
  <testcase name="Testcase2" time="0.002" classname="TestNG.Demo3"/>
</testsuite> <!-- TestNG.Demo3 -->
